<?xml version="1.0" encoding="UTF-8"?>
<!-- Generated by org.testng.reporters.JUnitReportReporter -->
<testsuite hostname="DESKTOP-3RBOU9C" failures="0" tests="6" name="tests.NegativeTest" time="4.495" errors="0" timestamp="2025-07-07T16:51:26 IST" skipped="0">
  <testcase classname="tests.NegativeTest" name="createBookInCollection" time="0.510"/>
  <testcase classname="tests.NegativeTest" name="testCreateUserWithWeakPassword" time="0.513"/>
  <testcase classname="tests.NegativeTest" name="testGenerateTokenInvalidCredentials" time="1.970"/>
  <testcase classname="tests.NegativeTest" name="testUserIsCreated" time="0.495"/>
  <testcase classname="tests.NegativeTest" name="updateBookInCollection" time="0.506"/>
  <testcase classname="tests.NegativeTest" name="deleteBookFromCollection" time="0.501"/>
</testsuite> <!-- tests.NegativeTest -->
