<?xml version="1.0" encoding="UTF-8"?>
<!-- Generated by org.testng.reporters.JUnitReportReporter -->
<testsuite hostname="DESKTOP-3RBOU9C" failures="0" tests="3" name="tests.AccountsTest" time="5.267" errors="0" timestamp="2025-07-07T16:51:26 IST" skipped="0">
  <testcase classname="tests.AccountsTest" name="testCreateUser" time="2.844"/>
  <testcase classname="tests.AccountsTest" name="testGenerateToken" time="1.245"/>
  <testcase classname="tests.AccountsTest" name="testUserIsCreated" time="1.178"/>
</testsuite> <!-- tests.AccountsTest -->
