<?xml version="1.0" encoding="UTF-8"?>
<!-- Generated by org.testng.reporters.JUnitReportReporter -->
<testsuite hostname="DESKTOP-3RBOU9C" failures="0" tests="5" name="tests.BooksTest" time="3.245" errors="0" timestamp="2025-07-07T16:51:26 IST" skipped="0">
  <testcase classname="tests.BooksTest" name="createBookInCollection" time="0.679"/>
  <testcase classname="tests.BooksTest" name="testGetAllBooks" time="0.534"/>
  <testcase classname="tests.BooksTest" name="updateBookInCollection" time="0.745"/>
  <testcase classname="tests.BooksTest" name="deleteBookFromCollection" time="0.710"/>
  <testcase classname="tests.BooksTest" name="checkIfBookDeleted" time="0.577"/>
</testsuite> <!-- tests.BooksTest -->
